0 info it worked if it ends with ok
1 verbose cli [ '/usr/bin/node', '/usr/bin/npm', 'install', '-g', 'n', '10.16.0' ]
2 info using npm@3.5.2
3 info using node@v8.10.0
4 silly loadCurrentTree Starting
5 silly install loadCurrentTree
6 silly install readGlobalPackageData
7 silly fetchPackageMetaData n
8 silly fetchPackageMetaData 10.16.0
9 silly fetchNamedPackageData n
10 silly mapToRegistry name n
11 silly mapToRegistry using default registry
12 silly mapToRegistry registry https://registry.npmjs.org/
13 silly mapToRegistry uri https://registry.npmjs.org/n
14 silly fetchNamedPackageData 10.16.0
15 silly mapToRegistry name 10.16.0
16 silly mapToRegistry using default registry
17 silly mapToRegistry registry https://registry.npmjs.org/
18 silly mapToRegistry uri https://registry.npmjs.org/10.16.0
19 verbose request uri https://registry.npmjs.org/n
20 verbose request no auth needed
21 info attempt registry request try #1 at 9:47:43 PM
22 verbose request id 5b2987d17645167d
23 http request GET https://registry.npmjs.org/n
24 verbose request uri https://registry.npmjs.org/10.16.0
25 verbose request no auth needed
26 info attempt registry request try #1 at 9:47:43 PM
27 http request GET https://registry.npmjs.org/10.16.0
28 http 200 https://registry.npmjs.org/n
29 verbose headers { date: 'Thu, 18 Jul 2019 21:47:43 GMT',
29 verbose headers   'content-type': 'application/json',
29 verbose headers   'transfer-encoding': 'chunked',
29 verbose headers   connection: 'keep-alive',
29 verbose headers   'set-cookie':
29 verbose headers    [ '__cfduid=d622d5d224f4a9def6ff3a1c9781e6a601563486463; expires=Fri, 17-Jul-20 21:47:43 GMT; path=/; domain=.npmjs.org; HttpOnly' ],
29 verbose headers   'cf-cache-status': 'HIT',
29 verbose headers   'cache-control': 'max-age=300',
29 verbose headers   'cf-ray': '4f87a7dc7cf0cce2-EWR',
29 verbose headers   age: '2068',
29 verbose headers   etag: 'W/"8766f4d366eb9f0c5f580d2c9d0c3c71"',
29 verbose headers   'expect-ct': 'max-age=604800, report-uri="https://report-uri.cloudflare.com/cdn-cgi/beacon/expect-ct"',
29 verbose headers   'last-modified': 'Mon, 03 Jun 2019 08:44:30 GMT',
29 verbose headers   vary: 'accept-encoding, accept',
29 verbose headers   'x-amz-meta-rev': '372-7aefd64792f4436d390978e918aa6cb4',
29 verbose headers   server: 'cloudflare',
29 verbose headers   'content-encoding': 'gzip' }
30 silly get cb [ 200,
30 silly get   { date: 'Thu, 18 Jul 2019 21:47:43 GMT',
30 silly get     'content-type': 'application/json',
30 silly get     'transfer-encoding': 'chunked',
30 silly get     connection: 'keep-alive',
30 silly get     'set-cookie':
30 silly get      [ '__cfduid=d622d5d224f4a9def6ff3a1c9781e6a601563486463; expires=Fri, 17-Jul-20 21:47:43 GMT; path=/; domain=.npmjs.org; HttpOnly' ],
30 silly get     'cf-cache-status': 'HIT',
30 silly get     'cache-control': 'max-age=300',
30 silly get     'cf-ray': '4f87a7dc7cf0cce2-EWR',
30 silly get     age: '2068',
30 silly get     etag: 'W/"8766f4d366eb9f0c5f580d2c9d0c3c71"',
30 silly get     'expect-ct': 'max-age=604800, report-uri="https://report-uri.cloudflare.com/cdn-cgi/beacon/expect-ct"',
30 silly get     'last-modified': 'Mon, 03 Jun 2019 08:44:30 GMT',
30 silly get     vary: 'accept-encoding, accept',
30 silly get     'x-amz-meta-rev': '372-7aefd64792f4436d390978e918aa6cb4',
30 silly get     server: 'cloudflare',
30 silly get     'content-encoding': 'gzip' } ]
31 verbose get saving n to /root/.npm/registry.npmjs.org/n/.cache.json
32 verbose makeDirectory /root/.npm creation not in flight; initializing
33 silly makeDirectory /root/.npm uid: 0 gid: 0
34 http 404 https://registry.npmjs.org/10.16.0
35 verbose headers { date: 'Thu, 18 Jul 2019 21:47:43 GMT',
35 verbose headers   'content-type': 'application/json',
35 verbose headers   'content-length': '21',
35 verbose headers   connection: 'keep-alive',
35 verbose headers   'set-cookie':
35 verbose headers    [ '__cfduid=dfa22dfac617a91f78d838215c3df95b11563486463; expires=Fri, 17-Jul-20 21:47:43 GMT; path=/; domain=.npmjs.org; HttpOnly' ],
35 verbose headers   'cf-cache-status': 'MISS',
35 verbose headers   'cache-control': 'max-age=300',
35 verbose headers   'cf-ray': '4f87a7dc7eafc5f0-EWR',
35 verbose headers   'expect-ct': 'max-age=604800, report-uri="https://report-uri.cloudflare.com/cdn-cgi/beacon/expect-ct"',
35 verbose headers   vary: 'accept-encoding, accept',
35 verbose headers   server: 'cloudflare' }
36 silly get cb [ 404,
36 silly get   { date: 'Thu, 18 Jul 2019 21:47:43 GMT',
36 silly get     'content-type': 'application/json',
36 silly get     'content-length': '21',
36 silly get     connection: 'keep-alive',
36 silly get     'set-cookie':
36 silly get      [ '__cfduid=dfa22dfac617a91f78d838215c3df95b11563486463; expires=Fri, 17-Jul-20 21:47:43 GMT; path=/; domain=.npmjs.org; HttpOnly' ],
36 silly get     'cf-cache-status': 'MISS',
36 silly get     'cache-control': 'max-age=300',
36 silly get     'cf-ray': '4f87a7dc7eafc5f0-EWR',
36 silly get     'expect-ct': 'max-age=604800, report-uri="https://report-uri.cloudflare.com/cdn-cgi/beacon/expect-ct"',
36 silly get     vary: 'accept-encoding, accept',
36 silly get     server: 'cloudflare' } ]
37 silly fetchPackageMetaData Error: Not found : 10.16.0
37 silly fetchPackageMetaData     at makeError (/usr/share/npm/node_modules/npm-registry-client/lib/request.js:264:12)
37 silly fetchPackageMetaData     at CachingRegistryClient.<anonymous> (/usr/share/npm/node_modules/npm-registry-client/lib/request.js:252:14)
37 silly fetchPackageMetaData     at Request._callback (/usr/share/npm/node_modules/npm-registry-client/lib/request.js:172:14)
37 silly fetchPackageMetaData     at Request.self.callback (/usr/share/npm/node_modules/request/request.js:198:22)
37 silly fetchPackageMetaData     at emitTwo (events.js:126:13)
37 silly fetchPackageMetaData     at Request.emit (events.js:214:7)
37 silly fetchPackageMetaData     at Request.<anonymous> (/usr/share/npm/node_modules/request/request.js:1082:10)
37 silly fetchPackageMetaData     at emitOne (events.js:121:20)
37 silly fetchPackageMetaData     at Request.emit (events.js:211:7)
37 silly fetchPackageMetaData     at IncomingMessage.<anonymous> (/usr/share/npm/node_modules/request/request.js:1009:12)
37 silly fetchPackageMetaData  error for 10.16.0 { Error: Not found : 10.16.0
37 silly fetchPackageMetaData     at makeError (/usr/share/npm/node_modules/npm-registry-client/lib/request.js:264:12)
37 silly fetchPackageMetaData     at CachingRegistryClient.<anonymous> (/usr/share/npm/node_modules/npm-registry-client/lib/request.js:252:14)
37 silly fetchPackageMetaData     at Request._callback (/usr/share/npm/node_modules/npm-registry-client/lib/request.js:172:14)
37 silly fetchPackageMetaData     at Request.self.callback (/usr/share/npm/node_modules/request/request.js:198:22)
37 silly fetchPackageMetaData     at emitTwo (events.js:126:13)
37 silly fetchPackageMetaData     at Request.emit (events.js:214:7)
37 silly fetchPackageMetaData     at Request.<anonymous> (/usr/share/npm/node_modules/request/request.js:1082:10)
37 silly fetchPackageMetaData     at emitOne (events.js:121:20)
37 silly fetchPackageMetaData     at Request.emit (events.js:211:7)
37 silly fetchPackageMetaData     at IncomingMessage.<anonymous> (/usr/share/npm/node_modules/request/request.js:1009:12) pkgid: '10.16.0', statusCode: 404, code: 'E404' }
38 silly rollbackFailedOptional Starting
39 silly rollbackFailedOptional Finishing
40 silly runTopLevelLifecycles Starting
41 silly runTopLevelLifecycles Finishing
42 silly install printInstalled
43 verbose stack Error: Not found : 10.16.0
43 verbose stack     at makeError (/usr/share/npm/node_modules/npm-registry-client/lib/request.js:264:12)
43 verbose stack     at CachingRegistryClient.<anonymous> (/usr/share/npm/node_modules/npm-registry-client/lib/request.js:252:14)
43 verbose stack     at Request._callback (/usr/share/npm/node_modules/npm-registry-client/lib/request.js:172:14)
43 verbose stack     at Request.self.callback (/usr/share/npm/node_modules/request/request.js:198:22)
43 verbose stack     at emitTwo (events.js:126:13)
43 verbose stack     at Request.emit (events.js:214:7)
43 verbose stack     at Request.<anonymous> (/usr/share/npm/node_modules/request/request.js:1082:10)
43 verbose stack     at emitOne (events.js:121:20)
43 verbose stack     at Request.emit (events.js:211:7)
43 verbose stack     at IncomingMessage.<anonymous> (/usr/share/npm/node_modules/request/request.js:1009:12)
44 verbose statusCode 404
45 verbose pkgid 10.16.0
46 verbose cwd /root
47 error Linux 4.15.0-52-generic
48 error argv "/usr/bin/node" "/usr/bin/npm" "install" "-g" "n" "10.16.0"
49 error node v8.10.0
50 error npm  v3.5.2
51 error code E404
52 error 404 Not found : 10.16.0
53 error 404
54 error 404 '10.16.0' is not in the npm registry.
55 error 404 You should bug the author to publish it (or use the name yourself!)
56 error 404 Note that you can also install from a
57 error 404 tarball, folder, http url, or git url.
58 verbose exit [ 1, true ]
